◇ injected env (9) from .env // tip: ⌘ suppress logs { quiet: true }
[Server] Syncing governance artifacts from disk...
[Server] Sync complete: 0 added, 0 updated, 0 deactivated
Governance API ready at http://localhost:4100/graphql
REST API at http://localhost:4100/api/governance/health
[Server] SIGTERM received, shutting down...
◇ injected env (9) from .env // tip: ⌘ custom filepath { path: '/custom/path/.env' }
[Server] Syncing governance artifacts from disk...
[Server] Sync complete: 0 added, 0 updated, 0 deactivated
Governance API ready at http://localhost:4100/graphql
REST API at http://localhost:4100/api/governance/health
[Server] SIGTERM received, shutting down...
◇ injected env (9) from .env // tip: ⌘ custom filepath { path: '/custom/path/.env' }
[Server] Syncing governance artifacts from disk...
[Server] Sync complete: 0 added, 0 updated, 0 deactivated
Governance API ready at http://localhost:4100/graphql
REST API at http://localhost:4100/api/governance/health
[Server] SIGTERM received, shutting down...
◇ injected env (9) from .env // tip: ◈ secrets for agents [www.dotenvx.com]
[Server] Syncing governance artifacts from disk...
[Server] Sync complete: 0 added, 0 updated, 0 deactivated
Governance API ready at http://localhost:4100/graphql
REST API at http://localhost:4100/api/governance/health
[Server] SIGTERM received, shutting down...
◇ injected env (9) from .env // tip: ⌁ auth for agents [www.vestauth.com]
[Server] Admin user created (username: admin)
[Server] Syncing governance artifacts from disk...
[Server] Sync complete: 0 added, 0 updated, 0 deactivated
Governance API ready at http://localhost:4100/graphql
REST API at http://localhost:4100/api/governance/health
Skip source repo: /Users/rajarora/dev/central_ai_ops
[Server] SIGTERM received, shutting down...
